TN:
SF:vitest.config.ts
FN:1,(empty-report)
FNF:1
FNH:0
FNDA:0,(empty-report)
DA:1,0
DA:2,0
DA:3,0
DA:4,0
DA:5,0
DA:6,0
DA:7,0
DA:8,0
DA:9,0
DA:10,0
DA:11,0
DA:12,0
DA:13,0
DA:14,0
DA:15,0
DA:16,0
DA:17,0
DA:18,0
DA:19,0
DA:20,0
DA:21,0
DA:22,0
DA:23,0
DA:24,0
DA:25,0
DA:26,0
LF:26
LH:0
BRDA:1,0,0,0
BRF:1
BRH:0
end_of_record
TN:
SF:src\domain\use-cases\create-appointment.ts
FN:18,CreateAppointmentUseCase
FN:20,execute
FNF:2
FNH:2
FNDA:3,CreateAppointmentUseCase
FNDA:4,execute
DA:1,1
DA:3,1
DA:4,1
DA:17,1
DA:18,1
DA:20,1
DA:21,4
DA:22,4
DA:23,4
DA:25,4
DA:26,1
DA:27,1
DA:30,3
DA:31,3
DA:33,4
DA:34,1
DA:35,1
DA:37,2
DA:38,2
DA:39,2
DA:40,2
DA:41,2
DA:42,2
DA:43,2
DA:45,2
DA:47,2
DA:48,2
DA:49,2
DA:50,4
DA:51,1
LF:30
LH:30
BRDA:18,0,0,3
BRDA:20,1,0,4
BRDA:25,2,0,1
BRDA:27,3,0,3
BRDA:33,4,0,1
BRDA:35,5,0,2
BRF:6
BRH:6
end_of_record
TN:
SF:src\domain\use-cases\edit-appointment.ts
FN:5,AppointmentNotFoundError
FN:11,AppointmentDateUnavailableError
FN:22,EditAppointmentUseCase
FN:24,execute
FNF:4
FNH:4
FNDA:2,AppointmentNotFoundError
FNDA:1,AppointmentDateUnavailableError
FNDA:7,EditAppointmentUseCase
FNDA:6,execute
DA:4,1
DA:5,1
DA:6,2
DA:7,2
DA:8,1
DA:10,1
DA:11,1
DA:12,1
DA:13,1
DA:14,1
DA:21,1
DA:22,1
DA:24,1
DA:25,6
DA:27,6
DA:28,2
DA:29,2
DA:31,4
DA:32,6
DA:33,1
DA:34,1
DA:36,3
DA:37,3
DA:39,3
DA:40,6
DA:41,1
LF:26
LH:26
BRDA:5,0,0,2
BRDA:11,1,0,1
BRDA:22,2,0,7
BRDA:24,3,0,6
BRDA:27,4,0,2
BRDA:29,5,0,5
BRDA:29,6,0,4
BRDA:32,7,0,3
BRDA:32,8,0,5
BRDA:32,9,0,1
BRDA:34,10,0,3
BRF:11
BRH:11
end_of_record
TN:
SF:src\domain\use-cases\list-employee-day-appointments.ts
FN:18,ListEmployeeDayAppointmentsUseCase
FN:20,execute
FNF:2
FNH:2
FNDA:3,ListEmployeeDayAppointmentsUseCase
FNDA:3,execute
DA:17,1
DA:18,1
DA:20,1
DA:21,3
DA:22,3
DA:23,3
DA:24,3
DA:25,3
DA:26,3
DA:27,3
DA:29,3
DA:30,3
DA:31,1
LF:13
LH:13
BRDA:18,0,0,3
BRDA:20,1,0,3
BRF:2
BRH:2
end_of_record
TN:
SF:src\domain\use-cases\errors\conflicting-schedule-error.ts
FN:2,ConflictingScheduleError
FNF:1
FNH:1
FNDA:1,ConflictingScheduleError
DA:1,1
DA:2,1
DA:3,1
DA:4,1
DA:5,1
LF:5
LH:5
BRDA:2,0,0,1
BRF:1
BRH:1
end_of_record
TN:
SF:src\domain\use-cases\errors\date-already-booked-error.ts
FN:2,DateAlreadyBookedError
FNF:1
FNH:1
FNDA:2,DateAlreadyBookedError
DA:1,1
DA:2,1
DA:3,2
DA:4,2
DA:5,2
DA:6,1
LF:6
LH:6
BRDA:2,0,0,2
BRF:1
BRH:1
end_of_record
TN:
SF:src\domain\use-cases\errors\past-date-scheduling-error.ts
FNF:0
FNH:0
DA:1,1
LF:1
LH:1
BRF:0
BRH:0
end_of_record
